\BOOKMARK [0][-]{chapter.1}{\376\377\000I\000n\000t\000r\000o\000d\000u\000z\000i\000o\000n\000e}{}% 1
\BOOKMARK [1][-]{section.1.1}{\376\377\000P\000r\000e\000s\000e\000n\000t\000a\000z\000i\000o\000n\000e\000\040\000d\000e\000l\000\040\000p\000r\000o\000g\000e\000t\000t\000o}{chapter.1}% 2
\BOOKMARK [1][-]{section.1.2}{\376\377\000R\000e\000q\000u\000i\000s\000i\000t\000i\000\040\000d\000i\000\040\000p\000r\000o\000g\000e\000t\000t\000o}{chapter.1}% 3
\BOOKMARK [0][-]{chapter.2}{\376\377\000A\000n\000a\000l\000i\000s\000i\000\040\000d\000e\000l\000l\000e\000\040\000t\000e\000c\000n\000o\000l\000o\000g\000i\000e\000\040\000e\000\040\000m\000e\000t\000o\000d\000o\000l\000o\000g\000i\000e\000\040\000i\000m\000p\000i\000e\000g\000a\000t\000e}{}% 4
\BOOKMARK [1][-]{section.2.1}{\376\377\000C\000o\000n\000c\000e\000t\000t\000i\000\040\000p\000r\000e\000l\000i\000m\000i\000n\000a\000r\000i\000\040\000d\000i\000\040\000N\000L\000P}{chapter.2}% 5
\BOOKMARK [2][-]{subsection.2.1.1}{\376\377\000L\000a\000r\000g\000e\000\040\000L\000a\000n\000g\000u\000a\000g\000e\000\040\000M\000o\000d\000e\000l\000\040\000\050\000L\000L\000M\000\051}{section.2.1}% 6
\BOOKMARK [2][-]{subsection.2.1.2}{\376\377\000R\000e\000t\000r\000i\000e\000v\000a\000l\000-\000A\000u\000g\000m\000e\000n\000t\000e\000d\000\040\000G\000e\000n\000e\000r\000a\000t\000i\000o\000n\000\040\000\050\000R\000A\000G\000\051}{section.2.1}% 7
\BOOKMARK [2][-]{subsection.2.1.3}{\376\377\000B\000i\000-\000e\000n\000c\000o\000d\000e\000r\000,\000\040\000c\000r\000o\000s\000s\000-\000e\000n\000c\000o\000d\000e\000r}{section.2.1}% 8
\BOOKMARK [1][-]{section.2.2}{\376\377\000F\000r\000a\000m\000e\000w\000o\000r\000k\000,\000\040\000s\000t\000r\000u\000m\000e\000n\000t\000i\000\040\000e\000\040\000l\000i\000b\000r\000e\000r\000i\000e\000\040\000d\000i\000\040\000s\000v\000i\000l\000u\000p\000p\000o}{chapter.2}% 9
\BOOKMARK [2][-]{subsection.2.2.1}{\376\377\000F\000a\000s\000t\000A\000P\000I}{section.2.2}% 10
\BOOKMARK [2][-]{subsection.2.2.2}{\376\377\000L\000a\000n\000g\000C\000h\000a\000i\000n}{section.2.2}% 11
\BOOKMARK [2][-]{subsection.2.2.3}{\376\377\000H\000u\000g\000g\000i\000n\000g\000\040\000F\000a\000c\000e}{section.2.2}% 12
\BOOKMARK [3][-]{subsubsection.2.2.3.1}{\376\377\000F\000a\000s\000t\000E\000m\000b\000e\000d}{subsection.2.2.3}% 13
\BOOKMARK [3][-]{subsubsection.2.2.3.2}{\376\377\000S\000e\000n\000t\000e\000n\000c\000e\000T\000r\000a\000n\000s\000f\000o\000r\000m\000e\000r\000s}{subsection.2.2.3}% 14
\BOOKMARK [2][-]{subsection.2.2.4}{\376\377\000O\000l\000l\000a\000m\000a\000\040\000e\000\040\000l\000l\000a\000m\000a\000.\000c\000p\000p}{section.2.2}% 15
\BOOKMARK [2][-]{subsection.2.2.5}{\376\377\000S\000e\000a\000r\000X\000N\000G}{section.2.2}% 16
\BOOKMARK [2][-]{subsection.2.2.6}{\376\377\000C\000r\000a\000w\000l\0004\000A\000I}{section.2.2}% 17
\BOOKMARK [2][-]{subsection.2.2.7}{\376\377\000J\000i\000n\000j\000a\0002}{section.2.2}% 18
\BOOKMARK [2][-]{subsection.2.2.8}{\376\377\000T\000a\000i\000l\000w\000i\000n\000d\000C\000S\000S}{section.2.2}% 19
\BOOKMARK [3][-]{subsubsection.2.2.8.1}{\376\377\000U\000t\000i\000l\000i\000t\000y\000\040\000c\000l\000a\000s\000s}{subsection.2.2.8}% 20
\BOOKMARK [1][-]{section.2.3}{\376\377\000C\000o\000n\000t\000a\000i\000n\000e\000r\000i\000z\000z\000a\000z\000i\000o\000n\000e\000\040\000e\000d\000\040\000o\000r\000c\000h\000e\000s\000t\000r\000a\000z\000i\000o\000n\000e}{chapter.2}% 21
\BOOKMARK [2][-]{subsection.2.3.1}{\376\377\000A\000r\000c\000h\000i\000t\000e\000t\000t\000u\000r\000a\000\040\000a\000\040\000m\000i\000c\000r\000o\000s\000e\000r\000v\000i\000z\000i\000:\000\040\000D\000o\000c\000k\000e\000r\000\040\000e\000\040\000D\000o\000c\000k\000e\000r\000\040\000C\000o\000m\000p\000o\000s\000e}{section.2.3}% 22
\BOOKMARK [1][-]{section.2.4}{\376\377\000D\000a\000t\000a\000b\000a\000s\000e\000\040\000r\000e\000l\000a\000z\000i\000o\000n\000a\000l\000e}{chapter.2}% 23
\BOOKMARK [2][-]{subsection.2.4.1}{\376\377\000S\000Q\000L}{section.2.4}% 24
\BOOKMARK [2][-]{subsection.2.4.2}{\376\377\000M\000a\000r\000i\000a\000D\000B}{section.2.4}% 25
\BOOKMARK [1][-]{section.2.5}{\376\377\000M\000e\000t\000o\000d\000o\000l\000o\000g\000i\000a\000\040\000d\000i\000\040\000s\000v\000i\000l\000u\000p\000p\000o\000\040\000a\000g\000i\000l\000e}{chapter.2}% 26
\BOOKMARK [0][-]{chapter.3}{\376\377\000P\000r\000o\000g\000e\000t\000t\000a\000z\000i\000o\000n\000e\000\040\000d\000e\000l\000l\000'\000a\000p\000p\000l\000i\000c\000a\000z\000i\000o\000n\000e}{}% 27
\BOOKMARK [1][-]{section.3.1}{\376\377\000D\000i\000a\000g\000r\000a\000m\000m\000a\000\040\000d\000e\000l\000l\000e\000\040\000c\000l\000a\000s\000s\000i\000\040\000U\000M\000L}{chapter.3}% 28
\BOOKMARK [1][-]{section.3.2}{\376\377\000M\000o\000d\000e\000l\000l\000o\000\040\000E\000R}{chapter.3}% 29
\BOOKMARK [2][-]{subsection.3.2.1}{\376\377\000S\000c\000h\000e\000m\000a\000\040\000c\000o\000n\000c\000e\000t\000t\000u\000a\000l\000e}{section.3.2}% 30
\BOOKMARK [2][-]{subsection.3.2.2}{\376\377\000P\000r\000o\000g\000e\000t\000t\000a\000z\000i\000o\000n\000e\000\040\000l\000o\000g\000i\000c\000a}{section.3.2}% 31
\BOOKMARK [2][-]{subsection.3.2.3}{\376\377\000T\000r\000a\000d\000u\000z\000i\000o\000n\000e\000\040\000d\000i\000r\000e\000t\000t\000a\000\040\000e\000\040\000r\000i\000s\000t\000r\000u\000t\000t\000u\000r\000a\000z\000i\000o\000n\000e\000\040\000d\000e\000l\000l\000o\000\040\000s\000c\000h\000e\000m\000a\000\040\000l\000o\000g\000i\000c\000o}{section.3.2}% 32
\BOOKMARK [0][-]{chapter.4}{\376\377\000A\000r\000c\000h\000i\000t\000e\000t\000t\000u\000r\000a\000\040\000d\000e\000l\000\040\000s\000i\000s\000t\000e\000m\000a}{}% 33
\BOOKMARK [0][-]{chapter.5}{\376\377\000I\000m\000p\000l\000e\000m\000e\000n\000t\000a\000z\000i\000o\000n\000e\000\040\000d\000e\000l\000l\000a\000\040\000p\000i\000p\000e\000l\000i\000n\000e\000\040\000R\000A\000G}{}% 34
\BOOKMARK [0][-]{chapter.6}{\376\377\000O\000t\000t\000i\000m\000i\000z\000z\000a\000z\000i\000o\000n\000i\000,\000\040\000s\000i\000c\000u\000r\000e\000z\000z\000a\000\040\000e\000\040\000b\000e\000n\000c\000h\000m\000a\000r\000k}{}% 35
\BOOKMARK [0][-]{chapter.7}{\376\377\000C\000o\000n\000c\000l\000u\000s\000i\000o\000n\000e}{}% 36
\BOOKMARK [0][-]{section*.6}{\376\377\000B\000i\000b\000l\000i\000o\000g\000r\000a\000f\000i\000a}{}% 37
